  ScnMgr.cpp
c:\users\rkdqm\onedrive\바탕 화면\넷겜플\network_gameprogramming\simplegame\simplegame\scnmgr.cpp(125): warning C4305: '인수': 'double'에서 'float'(으)로 잘립니다.
c:\users\rkdqm\onedrive\바탕 화면\넷겜플\network_gameprogramming\simplegame\simplegame\scnmgr.cpp(144): warning C4244: '인수': 'double'에서 'float'(으)로 변환하면서 데이터가 손실될 수 있습니다.
c:\users\rkdqm\onedrive\바탕 화면\넷겜플\network_gameprogramming\simplegame\simplegame\scnmgr.cpp(145): warning C4244: '인수': 'double'에서 'float'(으)로 변환하면서 데이터가 손실될 수 있습니다.
c:\users\rkdqm\onedrive\바탕 화면\넷겜플\network_gameprogramming\simplegame\simplegame\scnmgr.cpp(146): warning C4244: '인수': 'double'에서 'float'(으)로 변환하면서 데이터가 손실될 수 있습니다.
c:\users\rkdqm\onedrive\바탕 화면\넷겜플\network_gameprogramming\simplegame\simplegame\scnmgr.cpp(147): warning C4244: '인수': 'double'에서 'float'(으)로 변환하면서 데이터가 손실될 수 있습니다.
c:\users\rkdqm\onedrive\바탕 화면\넷겜플\network_gameprogramming\simplegame\simplegame\scnmgr.cpp(166): warning C4305: '인수': 'double'에서 'float'(으)로 잘립니다.
c:\users\rkdqm\onedrive\바탕 화면\넷겜플\network_gameprogramming\simplegame\simplegame\scnmgr.cpp(169): warning C4305: '인수': 'double'에서 'float'(으)로 잘립니다.
c:\users\rkdqm\onedrive\바탕 화면\넷겜플\network_gameprogramming\simplegame\simplegame\scnmgr.cpp(175): warning C4305: '인수': 'double'에서 'float'(으)로 잘립니다.
c:\users\rkdqm\onedrive\바탕 화면\넷겜플\network_gameprogramming\simplegame\simplegame\scnmgr.cpp(181): warning C4305: '인수': 'double'에서 'float'(으)로 잘립니다.
c:\users\rkdqm\onedrive\바탕 화면\넷겜플\network_gameprogramming\simplegame\simplegame\scnmgr.cpp(193): warning C4305: '인수': 'double'에서 'float'(으)로 잘립니다.
c:\users\rkdqm\onedrive\바탕 화면\넷겜플\network_gameprogramming\simplegame\simplegame\scnmgr.cpp(200): warning C4305: '인수': 'double'에서 'float'(으)로 잘립니다.
c:\users\rkdqm\onedrive\바탕 화면\넷겜플\network_gameprogramming\simplegame\simplegame\scnmgr.cpp(203): warning C4305: '인수': 'double'에서 'float'(으)로 잘립니다.
c:\users\rkdqm\onedrive\바탕 화면\넷겜플\network_gameprogramming\simplegame\simplegame\scnmgr.cpp(206): warning C4305: '인수': 'double'에서 'float'(으)로 잘립니다.
c:\users\rkdqm\onedrive\바탕 화면\넷겜플\network_gameprogramming\simplegame\simplegame\scnmgr.cpp(209): warning C4305: '인수': 'double'에서 'float'(으)로 잘립니다.
c:\users\rkdqm\onedrive\바탕 화면\넷겜플\network_gameprogramming\simplegame\simplegame\scnmgr.cpp(212): warning C4305: '인수': 'double'에서 'float'(으)로 잘립니다.
c:\users\rkdqm\onedrive\바탕 화면\넷겜플\network_gameprogramming\simplegame\simplegame\scnmgr.cpp(287): warning C4101: 'type' :참조되지 않은 지역 변수입니다.
  코드를 생성하고 있습니다.
  3 of 223 functions ( 1.3%) were compiled, the rest were copied from previous compilation.
    0 functions were new in current compilation
    1 functions had inline decision re-evaluated but remain unchanged
  코드를 생성했습니다.
  SimpleGame.vcxproj -> C:\Users\rkdqm\OneDrive\바탕 화면\넷겜플\Network_Gameprogramming\SimpleGame\x64\Release\SimpleGame.exe
