c:\users\rkdqm\downloads\simplegame\simplegame\x64\debug\vc142.pdb
c:\users\rkdqm\downloads\simplegame\simplegame\x64\debug\vc142.idb
c:\users\rkdqm\downloads\simplegame\simplegame\x64\debug\simplegame.obj
c:\users\rkdqm\downloads\simplegame\simplegame\x64\debug\renderer.obj
c:\users\rkdqm\downloads\simplegame\simplegame\x64\debug\scnmgr.obj
c:\users\rkdqm\downloads\simplegame\simplegame\x64\debug\object.obj
c:\users\rkdqm\onedrive\바탕 화면\11_2015182001\simplegame\x64\debug\simplegame.pch
c:\users\rkdqm\onedrive\바탕 화면\11_2015182001\simplegame\x64\debug\vc142.pdb
c:\users\rkdqm\onedrive\바탕 화면\11_2015182001\simplegame\x64\debug\vc142.idb
c:\users\rkdqm\onedrive\바탕 화면\11_2015182001\simplegame\x64\debug\stdafx.obj
c:\users\rkdqm\onedrive\바탕 화면\11_2015182001\simplegame\x64\debug\simplegame.obj
c:\users\rkdqm\onedrive\바탕 화면\11_2015182001\simplegame\x64\debug\renderer.obj
c:\users\rkdqm\onedrive\바탕 화면\11_2015182001\simplegame\x64\debug\object.obj
c:\users\rkdqm\onedrive\바탕 화면\11_2015182001\simplegame\x64\debug\scnmgr.obj
c:\users\rkdqm\downloads\simplegame\simplegame\x64\debug\simplegame.pch
c:\users\rkdqm\downloads\simplegame\simplegame\x64\debug\stdafx.obj
c:\users\rkdqm\downloads\simplegame\simplegame\x64\debug\tcpclientclass.obj
c:\users\rkdqm\onedrive\바탕 화면\11_2015182001\x64\debug\simplegame.exe
c:\users\rkdqm\onedrive\바탕 화면\11_2015182001\x64\debug\simplegame.ilk
c:\users\rkdqm\onedrive\바탕 화면\11_2015182001\x64\debug\simplegame.pdb
c:\users\rkdqm\downloads\simplegame\x64\debug\simplegame.exe
c:\users\rkdqm\downloads\simplegame\x64\debug\simplegame.ilk
c:\users\rkdqm\downloads\simplegame\x64\debug\simplegame.pdb
d:\me\2019aut\c++socketstudy\teamproj\network_gameprogramming\simplegame\simplegame\x64\debug\object.obj
d:\me\2019aut\c++socketstudy\teamproj\network_gameprogramming\simplegame\simplegame\x64\debug\renderer.obj
d:\me\2019aut\c++socketstudy\teamproj\network_gameprogramming\simplegame\simplegame\x64\debug\scnmgr.obj
d:\me\2019aut\c++socketstudy\teamproj\network_gameprogramming\simplegame\simplegame\x64\debug\simplegame.obj
d:\me\2019aut\c++socketstudy\teamproj\network_gameprogramming\simplegame\simplegame\x64\debug\tcpclientclass.obj
d:\me\2019aut\c++socketstudy\teamproj\network_gameprogramming\simplegame\simplegame\x64\debug\stdafx.obj
d:\me\2019aut\c++socketstudy\teamproj\network_gameprogramming\simplegame\simplegame\x64\debug\simplegame.pch
d:\me\2019aut\c++socketstudy\teamproj\network_gameprogramming\simplegame\simplegame\x64\debug\vc142.idb
d:\me\2019aut\c++socketstudy\teamproj\network_gameprogramming\simplegame\simplegame\x64\debug\vc142.pdb
d:\me\2019aut\c++socketstudy\teamproj\network_gameprogramming\simplegame\x64\debug\simplegame.pdb
d:\me\2019aut\c++socketstudy\teamproj\network_gameprogramming\simplegame\x64\debug\simplegame.exe
d:\me\2019aut\c++socketstudy\teamproj\network_gameprogramming\simplegame\x64\debug\simplegame.ilk
d:\me\2019aut\c++socketstudy\teamproj\network_gameprogramming\simplegame\simplegame\x64\debug\simplegame.tlog\cl.command.1.tlog
d:\me\2019aut\c++socketstudy\teamproj\network_gameprogramming\simplegame\simplegame\x64\debug\simplegame.tlog\cl.read.1.tlog
d:\me\2019aut\c++socketstudy\teamproj\network_gameprogramming\simplegame\simplegame\x64\debug\simplegame.tlog\cl.write.1.tlog
d:\me\2019aut\c++socketstudy\teamproj\network_gameprogramming\simplegame\simplegame\x64\debug\simplegame.tlog\link.command.1.tlog
d:\me\2019aut\c++socketstudy\teamproj\network_gameprogramming\simplegame\simplegame\x64\debug\simplegame.tlog\link.read.1.tlog
d:\me\2019aut\c++socketstudy\teamproj\network_gameprogramming\simplegame\simplegame\x64\debug\simplegame.tlog\link.write.1.tlog
