  Object.cpp
  ScnMgr.cpp
c:\networkgameprogramming\network_gameprogramming\simplegame\simplegame\scnmgr.cpp(139): warning C4244: '=': 'double'에서 'float'(으)로 변환하면서 데이터가 손실될 수 있습니다.
c:\networkgameprogramming\network_gameprogramming\simplegame\simplegame\scnmgr.cpp(140): warning C4244: '=': 'double'에서 'float'(으)로 변환하면서 데이터가 손실될 수 있습니다.
c:\networkgameprogramming\network_gameprogramming\simplegame\simplegame\scnmgr.cpp(141): warning C4244: '=': 'double'에서 'float'(으)로 변환하면서 데이터가 손실될 수 있습니다.
c:\networkgameprogramming\network_gameprogramming\simplegame\simplegame\scnmgr.cpp(159): warning C4244: '=': 'double'에서 'float'(으)로 변환하면서 데이터가 손실될 수 있습니다.
c:\networkgameprogramming\network_gameprogramming\simplegame\simplegame\scnmgr.cpp(160): warning C4244: '=': 'double'에서 'float'(으)로 변환하면서 데이터가 손실될 수 있습니다.
c:\networkgameprogramming\network_gameprogramming\simplegame\simplegame\scnmgr.cpp(161): warning C4244: '=': 'double'에서 'float'(으)로 변환하면서 데이터가 손실될 수 있습니다.
c:\networkgameprogramming\network_gameprogramming\simplegame\simplegame\scnmgr.cpp(185): warning C4244: '인수': 'double'에서 'float'(으)로 변환하면서 데이터가 손실될 수 있습니다.
c:\networkgameprogramming\network_gameprogramming\simplegame\simplegame\scnmgr.cpp(186): warning C4244: '인수': 'double'에서 'float'(으)로 변환하면서 데이터가 손실될 수 있습니다.
c:\networkgameprogramming\network_gameprogramming\simplegame\simplegame\scnmgr.cpp(187): warning C4244: '인수': 'double'에서 'float'(으)로 변환하면서 데이터가 손실될 수 있습니다.
c:\networkgameprogramming\network_gameprogramming\simplegame\simplegame\scnmgr.cpp(188): warning C4244: '인수': 'double'에서 'float'(으)로 변환하면서 데이터가 손실될 수 있습니다.
c:\networkgameprogramming\network_gameprogramming\simplegame\simplegame\scnmgr.cpp(207): warning C4305: '인수': 'double'에서 'float'(으)로 잘립니다.
c:\networkgameprogramming\network_gameprogramming\simplegame\simplegame\scnmgr.cpp(210): warning C4305: '인수': 'double'에서 'float'(으)로 잘립니다.
c:\networkgameprogramming\network_gameprogramming\simplegame\simplegame\scnmgr.cpp(216): warning C4305: '인수': 'double'에서 'float'(으)로 잘립니다.
c:\networkgameprogramming\network_gameprogramming\simplegame\simplegame\scnmgr.cpp(222): warning C4305: '인수': 'double'에서 'float'(으)로 잘립니다.
c:\networkgameprogramming\network_gameprogramming\simplegame\simplegame\scnmgr.cpp(234): warning C4305: '인수': 'double'에서 'float'(으)로 잘립니다.
c:\networkgameprogramming\network_gameprogramming\simplegame\simplegame\scnmgr.cpp(241): warning C4305: '인수': 'double'에서 'float'(으)로 잘립니다.
c:\networkgameprogramming\network_gameprogramming\simplegame\simplegame\scnmgr.cpp(244): warning C4305: '인수': 'double'에서 'float'(으)로 잘립니다.
c:\networkgameprogramming\network_gameprogramming\simplegame\simplegame\scnmgr.cpp(247): warning C4305: '인수': 'double'에서 'float'(으)로 잘립니다.
c:\networkgameprogramming\network_gameprogramming\simplegame\simplegame\scnmgr.cpp(250): warning C4305: '인수': 'double'에서 'float'(으)로 잘립니다.
c:\networkgameprogramming\network_gameprogramming\simplegame\simplegame\scnmgr.cpp(253): warning C4305: '인수': 'double'에서 'float'(으)로 잘립니다.
c:\networkgameprogramming\network_gameprogramming\simplegame\simplegame\scnmgr.cpp(333): warning C4101: 'type' :참조되지 않은 지역 변수입니다.
  SimpleGame.cpp
  TCPClient.cpp
  코드를 생성하고 있습니다...
  SimpleGame.vcxproj -> C:\NetworkGameprogramming\Network_Gameprogramming\SimpleGame\x64\Debug\SimpleGame.exe
